Flow report for specific_cpu
Tue Mar 15 14:33:46 2022
Quartus Prime Version 16.0.0 Build 211 04/27/2016 SJ Lite Edition


---------------------
; Table of Contents ;
---------------------
  1. Legal Notice
  2. Flow Summary
  3. Flow Settings
  4. Flow Non-Default Global Settings
  5. Flow Elapsed Time
  6. Flow OS Summary
  7. Flow Log
  8. Flow Messages
  9. Flow Suppressed Messages



----------------
; Legal Notice ;
----------------
Copyright (C) 1991-2016 Altera Corporation. All rights reserved.
Your use of Altera Corporation's design tools, logic functions 
and other software and tools, and its AMPP partner logic 
functions, and any output files from any of the foregoing 
(including device programming or simulation files), and any 
associated documentation or information are expressly subject 
to the terms and conditions of the Altera Program License 
Subscription Agreement, the Altera Quartus Prime License Agreement,
the Altera MegaCore Function License Agreement, or other 
applicable license agreement, including, without limitation, 
that your use is for the sole purpose of programming logic 
devices manufactured by Altera and sold by Altera or its 
authorized distributors.  Please refer to the applicable 
agreement for further details.



+----------------------------------------------------------------------------------+
; Flow Summary                                                                     ;
+------------------------------------+---------------------------------------------+
; Flow Status                        ; Successful - Tue Mar 15 14:33:46 2022       ;
; Quartus Prime Version              ; 16.0.0 Build 211 04/27/2016 SJ Lite Edition ;
; Revision Name                      ; specific_cpu                                ;
; Top-level Entity Name              ; TopLevel                                    ;
; Family                             ; Cyclone IV E                                ;
; Device                             ; EP4CE40F29C6                                ;
; Timing Models                      ; Final                                       ;
; Total logic elements               ; 3,341 / 39,600 ( 8 % )                      ;
;     Total combinational functions  ; 2,920 / 39,600 ( 7 % )                      ;
;     Dedicated logic registers      ; 2,122 / 39,600 ( 5 % )                      ;
; Total registers                    ; 2122                                        ;
; Total pins                         ; 68 / 533 ( 13 % )                           ;
; Total virtual pins                 ; 0                                           ;
; Total memory bits                  ; 0 / 1,161,216 ( 0 % )                       ;
; Embedded Multiplier 9-bit elements ; 0 / 232 ( 0 % )                             ;
; Total PLLs                         ; 0 / 4 ( 0 % )                               ;
+------------------------------------+---------------------------------------------+


+-----------------------------------------+
; Flow Settings                           ;
+-------------------+---------------------+
; Option            ; Setting             ;
+-------------------+---------------------+
; Start date & time ; 03/15/2022 14:32:20 ;
; Main task         ; Compilation         ;
; Revision Name     ; specific_cpu        ;
+-------------------+---------------------+


+---------------------------------------------------------------------------------------------------------------------------------+
; Flow Non-Default Global Settings                                                                                                ;
+--------------------------------------+---------------------------------------+---------------+-------------+--------------------+
; Assignment Name                      ; Value                                 ; Default Value ; Entity Name ; Section Id         ;
+--------------------------------------+---------------------------------------+---------------+-------------+--------------------+
; COMPILER_SIGNATURE_ID                ; 110760105309910.164732594016792       ; --            ; --          ; --                 ;
; EDA_DESIGN_INSTANCE_NAME             ; NA                                    ; --            ; --          ; FinalSubmission_tb ;
; EDA_NATIVELINK_SIMULATION_TEST_BENCH ; FinalSubmission_tb                    ; --            ; --          ; eda_simulation     ;
; EDA_OUTPUT_DATA_FORMAT               ; Systemverilog Hdl                     ; --            ; --          ; eda_simulation     ;
; EDA_SIMULATION_TOOL                  ; ModelSim-Altera (SystemVerilog)       ; <None>        ; --          ; --                 ;
; EDA_TEST_BENCH_ENABLE_STATUS         ; TEST_BENCH_MODE                       ; --            ; --          ; eda_simulation     ;
; EDA_TEST_BENCH_FILE                  ; FinalSubmission_tb.sv                 ; --            ; --          ; FinalSubmission_tb ;
; EDA_TEST_BENCH_MODULE_NAME           ; FinalSubmission_tb                    ; --            ; --          ; FinalSubmission_tb ;
; EDA_TEST_BENCH_NAME                  ; FinalSubmission_tb                    ; --            ; --          ; eda_simulation     ;
; EDA_TIME_SCALE                       ; 1 ps                                  ; --            ; --          ; eda_simulation     ;
; MAX_CORE_JUNCTION_TEMP               ; 85                                    ; --            ; --          ; --                 ;
; MIN_CORE_JUNCTION_TEMP               ; 0                                     ; --            ; --          ; --                 ;
; NOMINAL_CORE_SUPPLY_VOLTAGE          ; 1.2V                                  ; --            ; --          ; --                 ;
; PARTITION_COLOR                      ; 16764057                              ; --            ; TopLevel    ; Top                ;
; PARTITION_FITTER_PRESERVATION_LEVEL  ; PLACEMENT_AND_ROUTING                 ; --            ; TopLevel    ; Top                ;
; PARTITION_NETLIST_TYPE               ; SOURCE                                ; --            ; TopLevel    ; Top                ;
; POWER_BOARD_THERMAL_MODEL            ; None (CONSERVATIVE)                   ; --            ; --          ; --                 ;
; POWER_PRESET_COOLING_SOLUTION        ; 23 MM HEAT SINK WITH 200 LFPM AIRFLOW ; --            ; --          ; --                 ;
; PROJECT_OUTPUT_DIRECTORY             ; output_files                          ; --            ; --          ; --                 ;
; TOP_LEVEL_ENTITY                     ; TopLevel                              ; specific_cpu  ; --          ; --                 ;
+--------------------------------------+---------------------------------------+---------------+-------------+--------------------+


+-------------------------------------------------------------------------------------------------------------------------------+
; Flow Elapsed Time                                                                                                             ;
+---------------------------+--------------+-------------------------+---------------------+------------------------------------+
; Module Name               ; Elapsed Time ; Average Processors Used ; Peak Virtual Memory ; Total CPU Time (on all processors) ;
+---------------------------+--------------+-------------------------+---------------------+------------------------------------+
; Analysis & Synthesis      ; 00:00:17     ; 1.0                     ; 5081 MB             ; 00:00:36                           ;
; Fitter                    ; 00:00:55     ; 1.1                     ; 6865 MB             ; 00:01:30                           ;
; Assembler                 ; 00:00:01     ; 1.0                     ; 4895 MB             ; 00:00:01                           ;
; TimeQuest Timing Analyzer ; 00:00:04     ; 1.8                     ; 5214 MB             ; 00:00:04                           ;
; EDA Netlist Writer        ; 00:00:03     ; 1.0                     ; 4889 MB             ; 00:00:03                           ;
; Total                     ; 00:01:20     ; --                      ; --                  ; 00:02:14                           ;
+---------------------------+--------------+-------------------------+---------------------+------------------------------------+


+----------------------------------------------------------------------------------------+
; Flow OS Summary                                                                        ;
+---------------------------+------------------+-----------+------------+----------------+
; Module Name               ; Machine Hostname ; OS Name   ; OS Version ; Processor type ;
+---------------------------+------------------+-----------+------------+----------------+
; Analysis & Synthesis      ; DESKTOP-96N3LGF  ; Windows 8 ; 6.2        ; x86_64         ;
; Fitter                    ; DESKTOP-96N3LGF  ; Windows 8 ; 6.2        ; x86_64         ;
; Assembler                 ; DESKTOP-96N3LGF  ; Windows 8 ; 6.2        ; x86_64         ;
; TimeQuest Timing Analyzer ; DESKTOP-96N3LGF  ; Windows 8 ; 6.2        ; x86_64         ;
; EDA Netlist Writer        ; DESKTOP-96N3LGF  ; Windows 8 ; 6.2        ; x86_64         ;
+---------------------------+------------------+-----------+------------+----------------+


------------
; Flow Log ;
------------
quartus_map --read_settings_files=on --write_settings_files=off specific_cpu -c specific_cpu
quartus_fit --read_settings_files=off --write_settings_files=off specific_cpu -c specific_cpu
quartus_asm --read_settings_files=off --write_settings_files=off specific_cpu -c specific_cpu
quartus_sta specific_cpu -c specific_cpu
quartus_eda --read_settings_files=off --write_settings_files=off specific_cpu -c specific_cpu



